<?xml version="1.0" encoding="UTF-8"?>
<testsuite xmlns:xsi="http://www.w3.org/2001/XMLSchema-instance" xsi:noNamespaceSchemaLocation="https://maven.apache.org/surefire/maven-surefire-plugin/xsd/surefire-test-report.xsd" name="project2023_test.Test" time="2.411" tests="39" errors="0" skipped="0" failures="0">
  <properties>
[...]
</properties>
  <testcase name="add customer done" classname="Add Customer" time="0.219"/>
  <testcase name="Add a customer when the admin is not logged in" classname="Add Customer" time="0.041"/>
  <testcase name="add product done" classname="add product" time="0.035"/>
  <testcase name="(add product)" classname="add product" time="0.039"/>
  <testcase name="Delete customer success" classname="Delete Customer" time="0.021"/>
  <testcase name="Delete customer and the admin is not login" classname="Delete Customer" time="0.026"/>
  <testcase name="Delete product success" classname="Delete Product" time="0.017"/>
  <testcase name="Delete product and the admin is not login" classname="Delete Product" time="0.019"/>
  <testcase name="Give the customer discount #1" classname="discount" time="0.031"/>
  <testcase name="Give the customer discount #2" classname="discount" time="0.019"/>
  <testcase name="Give the customer discount #3" classname="discount" time="0.012"/>
  <testcase name="Give the customer discount #4" classname="discount" time="0.015"/>
  <testcase name="Give the customer discount #5" classname="discount" time="0.016"/>
  <testcase name="Give the customer discount #6" classname="discount" time="0.017"/>
  <testcase name="View total delivered items" classname="Generate statistics" time="0.011"/>
  <testcase name="View total cash" classname="Generate statistics" time="0.023"/>
  <testcase name="View total paid" classname="Generate statistics" time="0.011"/>
  <testcase name="View total debts" classname="Generate statistics" time="0.011"/>
  <testcase name="login success" classname="login" time="0.008"/>
  <testcase name="login faild the user_name is wrong" classname="login" time="0.008"/>
  <testcase name="login faild the password is wrong" classname="login" time="0.01"/>
  <testcase name="login faild the password and user_name are wrong" classname="login" time="0.007"/>
  <testcase name="admin logout" classname="admin logout" time="0.007"/>
  <testcase name="Distribute orders to available workers" classname="Order distribution" time="0.014"/>
  <testcase name="Track order status" classname="Order tracking" time="0.011"/>
  <testcase name="Update order status" classname="Order tracking" time="0.008"/>
  <testcase name="Complete order" classname="Order tracking" time="0.006"/>
  <testcase name="print list customer" classname="report" time="0.049"/>
  <testcase name="print product" classname="report" time="0.02"/>
  <testcase name="Searching for a product by the name" classname="Searching for product by name" time="0.014"/>
  <testcase name="Searching for the admin logged in" classname="Searching for product by name" time="0.014"/>
  <testcase name="the product not found" classname="Searching for product by name" time="0.014"/>
  <testcase name="find more than one product" classname="Searching for product by name" time="0.008"/>
  <testcase name="update missing customer done" classname="update customer" time="0.007"/>
  <testcase name="update missing customer and admin is not logged in" classname="update customer" time="0.008"/>
  <testcase name="update up customer done" classname="update customer" time="0.007"/>
  <testcase name="update missing product done" classname="update product" time="0.011"/>
  <testcase name="update missing product and admin is not logged in" classname="update product" time="0.007"/>
  <testcase name="update up product and admin is not logged in" classname="update product" time="0.009"/>
</testsuite>